<?xml version="1.0" encoding="UTF-8"?>
<testng-results skipped="0" failed="0" ignored="0" total="1" passed="1">
  <reporter-output>
  </reporter-output>
  <suite name="Default suite" duration-ms="45033" started-at="2019-05-07T09:21:25Z" finished-at="2019-05-07T09:22:10Z">
    <groups>
    </groups>
    <test name="Default test" duration-ms="45033" started-at="2019-05-07T09:21:25Z" finished-at="2019-05-07T09:22:10Z">
      <class name="Actions.MouseActionsTest">
        <test-method status="PASS" signature="mouseAction()[pri:0, instance:Actions.MouseActionsTest@15530b9]" name="mouseAction" duration-ms="44861" started-at="2019-05-07T09:21:26Z" finished-at="2019-05-07T09:22:10Z">
          <reporter-output>
          </reporter-output>
        </test-method> <!-- mouseAction -->
      </class> <!-- Actions.MouseActionsTest -->
    </test> <!-- Default test -->
  </suite> <!-- Default suite -->
</testng-results>
